2023-01-23T12:05:35+00:00 DEBUG tt4b_product_sync: missing access token for tt4b_product_sync
2023-01-23T12:06:04+00:00 DEBUG tt4b_product_sync: missing access token for tt4b_product_sync
2023-01-23T12:06:48+00:00 DEBUG tt4b_product_sync: missing access token for tt4b_product_sync
2023-01-23T12:08:25+00:00 DEBUG tt4b_product_sync: missing access token for tt4b_product_sync
2023-01-23T12:10:25+00:00 DEBUG tt4b_product_sync: missing access token for tt4b_product_sync
2023-01-23T12:15:17+00:00 DEBUG tt4b_product_sync: missing access token for tt4b_product_sync
2023-01-23T12:15:49+00:00 DEBUG tt4b_product_sync: missing access token for tt4b_product_sync
2023-01-23T12:16:08+00:00 DEBUG tt4b_product_sync: missing access token for tt4b_product_sync
2023-01-23T12:17:11+00:00 DEBUG tt4b_product_sync: missing access token for tt4b_product_sync
2023-01-23T12:17:33+00:00 DEBUG tt4b_product_sync: missing access token for tt4b_product_sync
2023-01-23T12:17:49+00:00 DEBUG tt4b_product_sync: missing access token for tt4b_product_sync
2023-01-23T12:18:35+00:00 DEBUG tt4b_product_sync: missing access token for tt4b_product_sync
2023-01-23T12:18:50+00:00 DEBUG tt4b_product_sync: missing access token for tt4b_product_sync
2023-01-23T12:19:04+00:00 DEBUG tt4b_product_sync: missing access token for tt4b_product_sync
2023-01-23T12:19:53+00:00 DEBUG tt4b_product_sync: missing access token for tt4b_product_sync
2023-01-23T12:20:09+00:00 DEBUG tt4b_product_sync: missing access token for tt4b_product_sync
2023-01-23T12:20:24+00:00 DEBUG tt4b_product_sync: missing access token for tt4b_product_sync
2023-01-23T12:21:11+00:00 DEBUG tt4b_product_sync: missing access token for tt4b_product_sync
2023-01-23T12:21:49+00:00 DEBUG tt4b_product_sync: missing access token for tt4b_product_sync
2023-01-23T12:21:51+00:00 DEBUG tt4b_product_sync: missing access token for tt4b_product_sync
2023-01-23T12:22:05+00:00 DEBUG tt4b_product_sync: missing access token for tt4b_product_sync
2023-01-23T12:22:57+00:00 DEBUG tt4b_product_sync: missing access token for tt4b_product_sync
2023-01-23T12:23:18+00:00 DEBUG tt4b_product_sync: missing access token for tt4b_product_sync
2023-01-23T12:23:38+00:00 DEBUG tt4b_product_sync: missing access token for tt4b_product_sync
2023-01-23T12:24:32+00:00 DEBUG tt4b_product_sync: missing access token for tt4b_product_sync
2023-01-23T12:29:17+00:00 DEBUG Tt4b_Pixel_Class::inject_view_content_event: hit injectViewContentEvent
2023-01-23T12:29:17+00:00 DEBUG Tt4b_Pixel_Class::inject_view_content_event: Missing option "access_token"
2023-01-23T12:32:44+00:00 DEBUG tt4b_product_sync: missing access token for tt4b_product_sync
2023-01-23T12:33:29+00:00 DEBUG tt4b_product_sync: missing access token for tt4b_product_sync
2023-01-23T12:34:48+00:00 DEBUG tt4b_product_sync: missing access token for tt4b_product_sync
2023-01-23T16:10:52+00:00 DEBUG tt4b_product_sync: missing access token for tt4b_product_sync
2023-01-23T16:11:29+00:00 DEBUG tt4b_product_sync: missing access token for tt4b_product_sync
2023-01-23T16:12:04+00:00 DEBUG tt4b_product_sync: missing access token for tt4b_product_sync
2023-01-23T16:12:44+00:00 DEBUG tt4b_product_sync: missing access token for tt4b_product_sync
2023-01-23T16:13:23+00:00 DEBUG tt4b_product_sync: missing access token for tt4b_product_sync
2023-01-23T16:49:59+00:00 DEBUG Tt4b_Pixel_Class::inject_start_checkout: hit injectStartCheckout
2023-01-23T16:49:59+00:00 DEBUG Tt4b_Pixel_Class::inject_start_checkout: Missing option "access_token"
2023-01-23T17:13:30+00:00 DEBUG Tt4b_Pixel_Class::inject_view_content_event: hit injectViewContentEvent
2023-01-23T17:13:30+00:00 DEBUG Tt4b_Pixel_Class::inject_view_content_event: Missing option "access_token"
2023-01-23T18:09:01+00:00 DEBUG Tt4b_Pixel_Class::inject_start_checkout: hit injectStartCheckout
2023-01-23T18:09:01+00:00 DEBUG Tt4b_Pixel_Class::inject_start_checkout: Missing option "access_token"
