2023-01-25T10:45:41+00:00 DEBUG Tt4b_Pixel_Class::inject_start_checkout: hit injectStartCheckout
2023-01-25T10:45:41+00:00 DEBUG Tt4b_Pixel_Class::inject_start_checkout: Missing option "access_token"
2023-01-25T11:42:20+00:00 DEBUG Tt4b_Pixel_Class::inject_start_checkout: hit injectStartCheckout
2023-01-25T11:42:20+00:00 DEBUG Tt4b_Pixel_Class::inject_start_checkout: Missing option "access_token"
2023-01-25T12:44:20+00:00 DEBUG Tt4b_Pixel_Class::inject_start_checkout: hit injectStartCheckout
2023-01-25T12:44:20+00:00 DEBUG Tt4b_Pixel_Class::inject_start_checkout: Missing option "access_token"
2023-01-25T13:23:28+00:00 DEBUG Tt4b_Pixel_Class::inject_view_content_event: hit injectViewContentEvent
2023-01-25T13:23:28+00:00 DEBUG Tt4b_Pixel_Class::inject_view_content_event: Missing option "access_token"
2023-01-25T13:23:33+00:00 DEBUG Tt4b_Pixel_Class::inject_view_content_event: hit injectViewContentEvent
2023-01-25T13:23:33+00:00 DEBUG Tt4b_Pixel_Class::inject_view_content_event: Missing option "access_token"
2023-01-25T13:23:38+00:00 DEBUG Tt4b_Pixel_Class::inject_view_content_event: hit injectViewContentEvent
2023-01-25T13:23:38+00:00 DEBUG Tt4b_Pixel_Class::inject_view_content_event: Missing option "access_token"
2023-01-25T13:23:51+00:00 DEBUG Tt4b_Pixel_Class::inject_view_content_event: hit injectViewContentEvent
2023-01-25T13:23:51+00:00 DEBUG Tt4b_Pixel_Class::inject_view_content_event: Missing option "access_token"
2023-01-25T13:23:55+00:00 DEBUG Tt4b_Pixel_Class::inject_view_content_event: hit injectViewContentEvent
2023-01-25T13:23:55+00:00 DEBUG Tt4b_Pixel_Class::inject_view_content_event: Missing option "access_token"
2023-01-25T13:24:06+00:00 DEBUG Tt4b_Pixel_Class::inject_view_content_event: hit injectViewContentEvent
2023-01-25T13:24:06+00:00 DEBUG Tt4b_Pixel_Class::inject_view_content_event: Missing option "access_token"
2023-01-25T13:24:10+00:00 DEBUG Tt4b_Pixel_Class::inject_view_content_event: hit injectViewContentEvent
2023-01-25T13:24:10+00:00 DEBUG Tt4b_Pixel_Class::inject_view_content_event: Missing option "access_token"
2023-01-25T13:24:15+00:00 DEBUG Tt4b_Pixel_Class::inject_view_content_event: hit injectViewContentEvent
2023-01-25T13:24:15+00:00 DEBUG Tt4b_Pixel_Class::inject_view_content_event: Missing option "access_token"
2023-01-25T13:24:19+00:00 DEBUG Tt4b_Pixel_Class::inject_view_content_event: hit injectViewContentEvent
2023-01-25T13:24:19+00:00 DEBUG Tt4b_Pixel_Class::inject_view_content_event: Missing option "access_token"
2023-01-25T13:24:35+00:00 DEBUG Tt4b_Pixel_Class::inject_view_content_event: hit injectViewContentEvent
2023-01-25T13:24:35+00:00 DEBUG Tt4b_Pixel_Class::inject_view_content_event: Missing option "access_token"
2023-01-25T13:24:41+00:00 DEBUG Tt4b_Pixel_Class::inject_view_content_event: hit injectViewContentEvent
2023-01-25T13:24:41+00:00 DEBUG Tt4b_Pixel_Class::inject_view_content_event: Missing option "access_token"
2023-01-25T13:24:49+00:00 DEBUG Tt4b_Pixel_Class::inject_view_content_event: hit injectViewContentEvent
2023-01-25T13:24:49+00:00 DEBUG Tt4b_Pixel_Class::inject_view_content_event: Missing option "access_token"
2023-01-25T13:24:53+00:00 DEBUG Tt4b_Pixel_Class::inject_view_content_event: hit injectViewContentEvent
2023-01-25T13:24:53+00:00 DEBUG Tt4b_Pixel_Class::inject_view_content_event: Missing option "access_token"
2023-01-25T13:25:00+00:00 DEBUG Tt4b_Pixel_Class::inject_view_content_event: hit injectViewContentEvent
2023-01-25T13:25:00+00:00 DEBUG Tt4b_Pixel_Class::inject_view_content_event: Missing option "access_token"
2023-01-25T13:25:05+00:00 DEBUG Tt4b_Pixel_Class::inject_view_content_event: hit injectViewContentEvent
2023-01-25T13:25:05+00:00 DEBUG Tt4b_Pixel_Class::inject_view_content_event: Missing option "access_token"
2023-01-25T13:25:44+00:00 DEBUG Tt4b_Pixel_Class::inject_view_content_event: hit injectViewContentEvent
2023-01-25T13:25:44+00:00 DEBUG Tt4b_Pixel_Class::inject_view_content_event: Missing option "access_token"
2023-01-25T13:25:47+00:00 DEBUG Tt4b_Pixel_Class::inject_view_content_event: hit injectViewContentEvent
2023-01-25T13:25:47+00:00 DEBUG Tt4b_Pixel_Class::inject_view_content_event: Missing option "access_token"
2023-01-25T13:25:52+00:00 DEBUG Tt4b_Pixel_Class::inject_view_content_event: hit injectViewContentEvent
2023-01-25T13:25:52+00:00 DEBUG Tt4b_Pixel_Class::inject_view_content_event: Missing option "access_token"
2023-01-25T13:31:09+00:00 DEBUG POST: https://business-api.tiktok.com/open_api/v1.2/tbp/business_profile/disconnect/

{"external_business_id":false,"business_platform":"WOO_COMMERCE","is_setup_page":0,"app_id":false}
 ajax: no
2023-01-25T13:31:09+00:00 DEBUG Tt4b_Mapi_Class::mapi_post: Response: 

HTTP/1.1 200 OK
Server: nginx
Content-Type: application/json; charset=utf-8
Content-Length: 103
X-Api-Deprecation-Info: API for Business Version 1.3 is now live. To avoid disruption to your business, we recommend you migrate all calls to v1.3 as soon as possible. Please visit our migration guide for more details: https://ads.tiktok.com/marketing_api/docs?id=1740029169927169
X-Domain-Change-Info: We have moved to the new domain business-api.tiktok.com for API services after the Platform Upgrade on 09/30/2021. Please update all of your requests with the new domain if you haven't done so already. For more information, please visit https://ads.tiktok.com/marketing_api/docs?rid=esb88xalm6m&id=1709207085043713
X-Tt-Logid: 202301251331091C2F8EFB26BE1A513E99
x-tt-trace-host: 01c5075494eef09e6adcbc67ed2aa5f6af289c215de9dc0aaca0baee89fab99f4885a7793d8498bd4c6e142de8070573aff761db3e4eb2266787b04d8ae9cf5abc283c370b795a48e820ffe99f12b9382f03f20974e44ad160f666f8442d25bfff3170cd628d37289b9d3167bc05f51d65
X-Origin-Response-Time: 7,23.48.172.198
X-Akamai-Request-ID: 300cf981.53677ed4
Expires: Wed, 25 Jan 2023 13:31:10 GMT
Cache-Control: max-age=0, no-cache, no-store
Pragma: no-cache
Date: Wed, 25 Jan 2023 13:31:10 GMT
X-Cache: TCP_MISS from a23-64-12-135.deploy.akamaitechnologies.com (AkamaiGHost/10.10.3-45298580) (-)
Connection: close
X-Cache-Remote: TCP_MISS from a23-48-172-198.deploy.akamaitechnologies.com (AkamaiGHost/10.10.3-45298580) (-)
x-tt-trace-tag: id=16;cdn-cache=miss;type=dyn
Server-Timing: cdn-cache; desc=MISS, edge; dur=183, origin; dur=7
Server-Timing: inner; dur=2
X-Parent-Response-Time: 190,23.64.12.135

{"code":40104,"message":"The access_token is empty.","request_id":"202301251331091C2F8EFB26BE1A513E99"}

2023-01-25T13:31:09+00:00 DEBUG POST: https://business-api.tiktok.com/tbp/v2.0/shop/connection/disconnect?external_data=

--- EMPTY STRING ---
 ajax: no
2023-01-25T13:31:10+00:00 DEBUG Tt4b_Mapi_Class::tts_shop_disconnect: Response: 

HTTP/1.1 200 OK
Server: nginx
Content-Type: application/json; charset=utf-8
Content-Length: 95
X-Api-Deprecation-Info: API for Business Version 1.3 is now live. To avoid disruption to your business, we recommend you migrate all calls to v1.3 as soon as possible. Please visit our migration guide for more details: https://ads.tiktok.com/marketing_api/docs?id=1740029169927169
X-Domain-Change-Info: We have moved to the new domain business-api.tiktok.com for API services after the Platform Upgrade on 09/30/2021. Please update all of your requests with the new domain if you haven't done so already. For more information, please visit https://ads.tiktok.com/marketing_api/docs?rid=esb88xalm6m&id=1709207085043713
X-Tt-Logid: 202301251331096BB5092747F3BF5205C6
x-tt-trace-host: 01c5075494eef09e6adcbc67ed2aa5f6af289c215de9dc0aaca0baee89fab99f482d1b64b06e5c8d070d8167d7743f27eedaa10cc2a098bf386336312b765b944f2e24633c10063b03dc62571857c1ab167ab8bf50a324c1d1664b05c9f7c05b3b2af261cf39eb2dd373c731477b881159
X-Origin-Response-Time: 17,23.48.172.203
X-Akamai-Request-ID: 433daf0c.53678686
Expires: Wed, 25 Jan 2023 13:31:10 GMT
Cache-Control: max-age=0, no-cache, no-store
Pragma: no-cache
Date: Wed, 25 Jan 2023 13:31:10 GMT
X-Cache: TCP_MISS from a23-64-12-135.deploy.akamaitechnologies.com (AkamaiGHost/10.10.3-45298580) (-)
Connection: close
X-Cache-Remote: TCP_MISS from a23-48-172-203.deploy.akamaitechnologies.com (AkamaiGHost/10.10.3-45298580) (-)
x-tt-trace-tag: id=16;cdn-cache=miss;type=dyn
Server-Timing: cdn-cache; desc=MISS, edge; dur=190, origin; dur=17
Server-Timing: inner; dur=11
X-Parent-Response-Time: 207,23.64.12.135

{"code":40001,"message":"Permission denied.","request_id":"202301251331096BB5092747F3BF5205C6"}

